0 info it worked if it ends with ok
1 verbose cli [ 'C:\\Program Files\\nodejs\\node.exe',
1 verbose cli   'C:\\Program Files\\nodejs\\node_modules\\npm\\bin\\npm-cli.js',
1 verbose cli   'run',
1 verbose cli   'lint' ]
2 info using npm@4.1.2
3 info using node@v7.7.1
4 verbose run-script [ 'prelint', 'lint', 'postlint' ]
5 info lifecycle lynnic-utils@1.0.0~prelint: lynnic-utils@1.0.0
6 silly lifecycle lynnic-utils@1.0.0~prelint: no script for prelint, continuing
7 info lifecycle lynnic-utils@1.0.0~lint: lynnic-utils@1.0.0
8 verbose lifecycle lynnic-utils@1.0.0~lint: unsafe-perm in lifecycle true
9 verbose lifecycle lynnic-utils@1.0.0~lint: PATH: C:\Users\letth\AppData\Roaming\nvm\v7.7.1\node_modules\npm\bin\node-gyp-bin;C:\workspace\utils\node_modules\.bin;C:\Program Files\Git\mingw64\bin;C:\Program Files\Git\usr\bin;C:\Users\letth\bin;C:\ProgramData\Oracle\Java\javapath;C:\WINDOWS\system32;C:\WINDOWS;C:\WINDOWS\System32\Wbem;C:\WINDOWS\System32\WindowsPowerShell\v1.0;C:\Program Files\Git\cmd;C:\Program Files (x86)\Skype\Phone;C:\Program Files\Java\jdk1.8.0_131\bin;C:\Users\letth\AppData\Roaming\nvm;C:\Program Files\nodejs;C:\apache-maven-3.5.0\bin;C:\apache-maven-3.5.0\bin;C:\Program Files\phantomjs\bin;C:\Ruby23-x64\bin;C:\Users\letth\AppData\Local\Microsoft\WindowsApps;C:\Users\letth\AppData\Local\atom\bin;C:\Program Files (x86)\Microsoft VS Code\bin;C:\Users\letth\AppData\Roaming\nvm;C:\Program Files\nodejs;C:\Users\letth\AppData\Local\Microsoft\WindowsApps;C:\Users\letth\AppData\Local\GitHubDesktop\bin
10 verbose lifecycle lynnic-utils@1.0.0~lint: CWD: C:\workspace\utils
11 silly lifecycle lynnic-utils@1.0.0~lint: Args: [ '/d /s /c', 'eslint lib' ]
12 silly lifecycle lynnic-utils@1.0.0~lint: Returned: code: 1  signal: null
13 info lifecycle lynnic-utils@1.0.0~lint: Failed to exec lint script
14 verbose stack Error: lynnic-utils@1.0.0 lint: `eslint lib`
14 verbose stack Exit status 1
14 verbose stack     at EventEmitter.<anonymous> (C:\Users\letth\AppData\Roaming\nvm\v7.7.1\node_modules\npm\lib\utils\lifecycle.js:279:16)
14 verbose stack     at emitTwo (events.js:106:13)
14 verbose stack     at EventEmitter.emit (events.js:194:7)
14 verbose stack     at ChildProcess.<anonymous> (C:\Users\letth\AppData\Roaming\nvm\v7.7.1\node_modules\npm\lib\utils\spawn.js:40:14)
14 verbose stack     at emitTwo (events.js:106:13)
14 verbose stack     at ChildProcess.emit (events.js:194:7)
14 verbose stack     at maybeClose (internal/child_process.js:899:16)
14 verbose stack     at Process.ChildProcess._handle.onexit (internal/child_process.js:226:5)
15 verbose pkgid lynnic-utils@1.0.0
16 verbose cwd C:\workspace\utils
17 error Windows_NT 10.0.15063
18 error argv "C:\\Program Files\\nodejs\\node.exe" "C:\\Program Files\\nodejs\\node_modules\\npm\\bin\\npm-cli.js" "run" "lint"
19 error node v7.7.1
20 error npm  v4.1.2
21 error code ELIFECYCLE
22 error lynnic-utils@1.0.0 lint: `eslint lib`
22 error Exit status 1
23 error Failed at the lynnic-utils@1.0.0 lint script 'eslint lib'.
23 error Make sure you have the latest version of node.js and npm installed.
23 error If you do, this is most likely a problem with the lynnic-utils package,
23 error not with npm itself.
23 error Tell the author that this fails on your system:
23 error     eslint lib
23 error You can get information on how to open an issue for this project with:
23 error     npm bugs lynnic-utils
23 error Or if that isn't available, you can get their info via:
23 error     npm owner ls lynnic-utils
23 error There is likely additional logging output above.
24 verbose exit [ 1, true ]
